     1 00000000                                 ; haribote-os boot asm
     2 00000000                                 ; TAB=4
     3 00000000                                 
     4 00000000                                 [INSTRSET "i486p"]
     5 00000000                                 
     6  = 00000105                              VBEMODE	EQU		0x105			; 1024 x  768 x 8bitカラー
     7 00000000                                 ; （画面モード一覧）
     8 00000000                                 ;	0x100 :  640 x  400 x 8bitカラー
     9 00000000                                 ;	0x101 :  640 x  480 x 8bitカラー
    10 00000000                                 ;	0x103 :  800 x  600 x 8bitカラー
    11 00000000                                 ;	0x105 : 1024 x  768 x 8bitカラー
    12 00000000                                 ;	0x107 : 1280 x 1024 x 8bitカラー
    13 00000000                                 
    14  = 00280000                              BOTPAK	EQU		0x00280000		; bootpackのロード先
    15  = 00100000                              DSKCAC	EQU		0x00100000		; ディスクキャッシュの場所
    16  = 00008000                              DSKCAC0	EQU		0x00008000		; ディスクキャッシュの場所（リアルモード）
    17 00000000                                 
    18 00000000                                 ; BOOT_INFO関係
    19  = 00000FF0                              CYLS	EQU		0x0ff0			; ブートセクタが設定する
    20  = 00000FF1                              LEDS	EQU		0x0ff1
    21  = 00000FF2                              VMODE	EQU		0x0ff2			; 色数に関する情報。何ビットカラーか？
    22  = 00000FF4                              SCRNX	EQU		0x0ff4			; 解像度のX
    23  = 00000FF6                              SCRNY	EQU		0x0ff6			; 解像度のY
    24  = 00000FF8                              VRAM	EQU		0x0ff8			; グラフィックバッファの開始番地
    25  = 00000FFC                              BTIME	EQU		0x0ffc			; bios当中的??
    26 00000000                                 
    27                                          		ORG		0xc200			; このプログラムがどこに読み込まれるのか
    28 0000C200                                 
    29 0000C200                                 ; VBE存在確認
    30 0000C200                                 
    31 0000C200 B8 9000                         		MOV		AX,0x9000
    32 0000C203 8E C0                           		MOV		ES,AX
    33 0000C205 BF 0000                         		MOV		DI,0
    34 0000C208 B8 4F00                         		MOV		AX,0x4f00
    35 0000C20B CD 10                           		INT		0x10
    36 0000C20D 3D 004F                         		CMP		AX,0x004f
    37 0000C210 75 52                           		JNE		scrn320
    38 0000C212                                 
    39 0000C212                                 ; VBEのバージョンチェック
    40 0000C212                                 
    41 0000C212 26 8B 45 04                     		MOV		AX,[ES:DI+4]
    42 0000C216 3D 0200                         		CMP		AX,0x0200
    43 0000C219 72 49                           		JB		scrn320			; if (AX < 0x0200) goto scrn320
    44 0000C21B                                 
    45 0000C21B                                 ; 画面モード情報を得る
    46 0000C21B                                 
    47 0000C21B B9 0105                         		MOV		CX,VBEMODE
    48 0000C21E B8 4F01                         		MOV		AX,0x4f01
    49 0000C221 CD 10                           		INT		0x10
    50 0000C223 3D 004F                         		CMP		AX,0x004f
    51 0000C226 75 3C                           		JNE		scrn320
    52 0000C228                                 
    53 0000C228                                 ; 画面モード情報の確認
    54 0000C228                                 
    55 0000C228 26 80 7D 19 08                  		CMP		BYTE [ES:DI+0x19],8
    56 0000C22D 75 35                           		JNE		scrn320
    57 0000C22F 26 80 7D 1B 04                  		CMP		BYTE [ES:DI+0x1b],4
    58 0000C234 75 2E                           		JNE		scrn320
    59 0000C236 26 8B 05                        		MOV		AX,[ES:DI+0x00]
    60 0000C239 25 0080                         		AND		AX,0x0080
    61 0000C23C 74 26                           		JZ		scrn320			; モード属性のbit7が0だったのであきらめる
    62 0000C23E                                 
    63 0000C23E                                 ; 画面モードの切り替え
    64 0000C23E                                 
    65 0000C23E BB 4105                         		MOV		BX,VBEMODE+0x4000
    66 0000C241 B8 4F02                         		MOV		AX,0x4f02
    67 0000C244 CD 10                           		INT		0x10
    68 0000C246 C6 06 0FF2 08                   		MOV		BYTE [VMODE],8	; 画面モードをメモする（C言語が参照する）
    69 0000C24B 26 8B 45 12                     		MOV		AX,[ES:DI+0x12]
    70 0000C24F A3 0FF4                         		MOV		[SCRNX],AX
    71 0000C252 26 8B 45 14                     		MOV		AX,[ES:DI+0x14]
    72 0000C256 A3 0FF6                         		MOV		[SCRNY],AX
    73 0000C259 66 26 8B 45 28                  		MOV		EAX,[ES:DI+0x28]
    74 0000C25E 66 A3 0FF8                      		MOV		[VRAM],EAX
    75 0000C262 EB 20                           		JMP		bios_time
    76 0000C264                                 
    77 0000C264                                 scrn320:
    78 0000C264 B0 13                           		MOV		AL,0x13			; VGAグラフィックス、320x200x8bitカラー
    79 0000C266 B4 00                           		MOV		AH,0x00
    80 0000C268 CD 10                           		INT		0x10
    81 0000C26A C6 06 0FF2 08                   		MOV		BYTE [VMODE],8	; 画面モードをメモする（C言語が参照する）
    82 0000C26F C7 06 0FF4 0140                 		MOV		WORD [SCRNX],320
    83 0000C275 C7 06 0FF6 00C8                 		MOV		WORD [SCRNY],200
    84 0000C27B 66 C7 06 0FF8 000A0000          		MOV		DWORD [VRAM],0x000a0000
    85 0000C284                                 
    86 0000C284                                 ; キーボードのLED状態をBIOSに教えてもらう
    87 0000C284                                 
    88 0000C284                                 bios_time:
    89 0000C284 B4 02                           		MOV		AH,0x02
    90 0000C286 CD 1A                           		INT		0x1a
    91 0000C288 89 0E 0FFC                      		MOV		[BTIME],CX
    92 0000C28C 89 16 0FFE                      		MOV		[BTIME+2],DX
    93 0000C290                                 		
    94 0000C290                                 keystatus:
    95 0000C290 B4 02                           		MOV		AH,0x02
    96 0000C292 CD 16                           		INT		0x16 			; keyboard BIOS
    97 0000C294 A2 0FF1                         		MOV		[LEDS],AL
    98 0000C297                                 
    99 0000C297                                 ; PICが一切の割り込みを受け付けないようにする
   100 0000C297                                 ;	AT互換機の仕様では、PICの初期化をするなら、
   101 0000C297                                 ;	こいつをCLI前にやっておかないと、たまにハングアップする
   102 0000C297                                 ;	PICの初期化はあとでやる
   103 0000C297                                 
   104 0000C297 B0 FF                           		MOV		AL,0xff
   105 0000C299 E6 21                           		OUT		0x21,AL
   106 0000C29B 90                              		NOP						; OUT命令を連続させるとうまくいかない機種があるらしいので
   107 0000C29C E6 A1                           		OUT		0xa1,AL
   108 0000C29E                                 
   109 0000C29E FA                              		CLI						; さらにCPUレベルでも割り込み禁止
   110 0000C29F                                 
   111 0000C29F                                 ; CPUから1MB以上のメモリにアクセスできるように、A20GATEを設定
   112 0000C29F                                 
   113 0000C29F E8 00B5                         		CALL	waitkbdout
   114 0000C2A2 B0 D1                           		MOV		AL,0xd1
   115 0000C2A4 E6 64                           		OUT		0x64,AL
   116 0000C2A6 E8 00AE                         		CALL	waitkbdout
   117 0000C2A9 B0 DF                           		MOV		AL,0xdf			; enable A20
   118 0000C2AB E6 60                           		OUT		0x60,AL
   119 0000C2AD E8 00A7                         		CALL	waitkbdout
   120 0000C2B0                                 
   121 0000C2B0                                 ; プロテクトモード移行
   122 0000C2B0                                 
   123 0000C2B0 0F 01 16 C39A                   		LGDT	[GDTR0]			; 暫定GDTを設定
   124 0000C2B5 0F 20 C0                        		MOV		EAX,CR0
   125 0000C2B8 66 25 7FFFFFFF                  		AND		EAX,0x7fffffff	; bit31を0にする（ページング禁止のため）
   126 0000C2BE 66 83 C8 01                     		OR		EAX,0x00000001	; bit0を1にする（プロテクトモード移行のため）
   127 0000C2C2 0F 22 C0                        		MOV		CR0,EAX
   128 0000C2C5 EB 00                           		JMP		pipelineflush
   129 0000C2C7                                 pipelineflush:
   130 0000C2C7 B8 0008                         		MOV		AX,1*8			;  読み書き可能セグメント32bit
   131 0000C2CA 8E D8                           		MOV		DS,AX
   132 0000C2CC 8E C0                           		MOV		ES,AX
   133 0000C2CE 8E E0                           		MOV		FS,AX
   134 0000C2D0 8E E8                           		MOV		GS,AX
   135 0000C2D2 8E D0                           		MOV		SS,AX
   136 0000C2D4                                 
   137 0000C2D4                                 ; bootpackの転送
   138 0000C2D4                                 
   139 0000C2D4 66 BE 0000C3A0                  		MOV		ESI,bootpack	; 転送元
   140 0000C2DA 66 BF 00280000                  		MOV		EDI,BOTPAK		; 転送先
   141 0000C2E0 66 B9 00020000                  		MOV		ECX,512*1024/4
   142 0000C2E6 E8 0077                         		CALL	memcpy
   143 0000C2E9                                 
   144 0000C2E9                                 ; ついでにディスクデータも本来の位置へ転送
   145 0000C2E9                                 
   146 0000C2E9                                 ; まずはブートセクタから
   147 0000C2E9                                 
   148 0000C2E9 66 BE 00007C00                  		MOV		ESI,0x7c00		; 転送元
   149 0000C2EF 66 BF 00100000                  		MOV		EDI,DSKCAC		; 転送先
   150 0000C2F5 66 B9 00000080                  		MOV		ECX,512/4
   151 0000C2FB E8 0062                         		CALL	memcpy
   152 0000C2FE                                 
   153 0000C2FE                                 ; 残り全部
   154 0000C2FE                                 
   155 0000C2FE 66 BE 00008200                  		MOV		ESI,DSKCAC0+512	; 転送元
   156 0000C304 66 BF 00100200                  		MOV		EDI,DSKCAC+512	; 転送先
   157 0000C30A 66 B9 00000000                  		MOV		ECX,0
   158 0000C310 8A 0E 0FF0                      		MOV		CL,BYTE [CYLS]
   159 0000C314 66 69 C9 00001200               		IMUL	ECX,512*18*2/4	; シリンダ数からバイト数/4に変換
   160 0000C31B 66 81 E9 00000080               		SUB		ECX,512/4		; IPLの分だけ差し引く
   161 0000C322 E8 003B                         		CALL	memcpy
   162 0000C325                                 
   163 0000C325                                 ; asmheadでしなければいけないことは全部し終わったので、
   164 0000C325                                 ;	あとはbootpackに任せる
   165 0000C325                                 
   166 0000C325                                 ; bootpackの起動
   167 0000C325                                 
   168 0000C325 66 BB 00280000                  		MOV		EBX,BOTPAK
   169 0000C32B 67 66 8B 4B 10                  		MOV		ECX,[EBX+16]
   170 0000C330 66 83 C1 03                     		ADD		ECX,3			; ECX += 3;
   171 0000C334 66 C1 E9 02                     		SHR		ECX,2			; ECX /= 4;
   172 0000C338 74 10                           		JZ		skip			; 転送するべきものがない
   173 0000C33A 67 66 8B 73 14                  		MOV		ESI,[EBX+20]	; 転送元
   174 0000C33F 66 01 DE                        		ADD		ESI,EBX
   175 0000C342 67 66 8B 7B 0C                  		MOV		EDI,[EBX+12]	; 転送先
   176 0000C347 E8 0016                         		CALL	memcpy
   177 0000C34A                                 skip:
   178 0000C34A 67 66 8B 63 0C                  		MOV		ESP,[EBX+12]	; スタック初期値
   179 0000C34F 66 EA 0000001B 0010             		JMP		DWORD 2*8:0x0000001b
   180 0000C357                                 
   181 0000C357                                 waitkbdout:
   182 0000C357 E4 64                           		IN		 AL,0x64
   183 0000C359 24 02                           		AND		 AL,0x02
   184 0000C35B E4 60                           		IN		 AL,0x60 		; から読み(受信バッファが悪さをしないように)
   185 0000C35D 75 F8                           		JNZ		waitkbdout		; ANDの結果が0でなければwaitkbdoutへ
   186 0000C35F C3                              		RET
   187 0000C360                                 
   188 0000C360                                 memcpy:
   189 0000C360 67 66 8B 06                     		MOV		EAX,[ESI]
   190 0000C364 66 83 C6 04                     		ADD		ESI,4
   191 0000C368 67 66 89 07                     		MOV		[EDI],EAX
   192 0000C36C 66 83 C7 04                     		ADD		EDI,4
   193 0000C370 66 83 E9 01                     		SUB		ECX,1
   194 0000C374 75 EA                           		JNZ		memcpy			; 引き算した結果が0でなければmemcpyへ
   195 0000C376 C3                              		RET
   196 0000C377                                 ; memcpyはアドレスサイズプリフィクスを入れ忘れなければ、ストリング命令でも書ける
   197 0000C377                                 
   198 0000C377 00 00 00 00 00 00 00 00 00      		ALIGNB	16
   199 0000C380                                 GDT0:
   200 0000C380 00 00 00 00 00 00 00 00         		RESB	8				; ヌルセレクタ
   201 0000C388 FFFF 0000 9200 00CF             		DW		0xffff,0x0000,0x9200,0x00cf	; 読み書き可能セグメント32bit
   202 0000C390 FFFF 0000 9A28 0047             		DW		0xffff,0x0000,0x9a28,0x0047	; 実行可能セグメント32bit（bootpack用）
   203 0000C398                                 
   204 0000C398 0000                            		DW		0
   205 0000C39A                                 GDTR0:
   206 0000C39A 0017                            		DW		8*3-1
   207 0000C39C 0000C380                        		DD		GDT0
   208 0000C3A0                                 
   209 0000C3A0                                 		ALIGNB	16
   210 0000C3A0                                 bootpack:
